<?xml version="1.0" encoding="UTF-8"?>
<!-- Generated by org.testng.reporters.JUnitReportReporter -->
<testsuite hostname="IM-LP-2285" failures="0" tests="1" name="Learning.tests.Errorvalidation" time="8.491" errors="0" timestamp="2024-04-16T18:38:09 IST" skipped="0">
  <testcase classname="Learning.tests.Errorvalidation" name="BaseOrderErrormsz" time="8.491"/>
</testsuite> <!-- Learning.tests.Errorvalidation -->
