<?xml version="1.0" encoding="UTF-8"?>
<!-- Generated by org.testng.reporters.JUnitReportReporter -->
<testsuite hostname="IM-LP-2285" failures="0" tests="2" name="Learning.tests.Testexection" time="28.588" errors="0" timestamp="2024-04-24T12:36:44 IST" skipped="0">
  <testcase classname="Learning.tests.Testexection" name="OrderHistoryTest" time="8.483"/>
  <testcase classname="Learning.tests.Testexection" name="BaseOrder" time="20.105"/>
</testsuite> <!-- Learning.tests.Testexection -->
